[
  {
    "line": 9,
    "elements": [
      {
        "line": 20,
        "name": "Login to application",
        "description": "",
        "id": "creating-issue;login-to-application;;2",
        "type": "scenario",
        "keyword": "Scenario Outline",
        "steps": [
          {
            "result": {
              "duration": 33558782330,
              "status": "passed"
            },
            "line": 13,
            "name": "User should navigate to ProAcc page",
            "match": {
              "location": "LogintoProAcc_StepDef.user_should_navigate_to_ProAcc_page()"
            },
            "keyword": "Given "
          },
          {
            "result": {
              "duration": 3401370052,
              "status": "passed"
            },
            "line": 14,
            "name": "User enters jc_PM and b12345@",
            "match": {
              "arguments": [
                {
                  "val": "jc_PM",
                  "offset": 12
                },
                {
                  "val": "b12345@",
                  "offset": 22
                }
              ],
              "location": "LogintoProAcc_StepDef.user_enters(String,String)"
            },
            "keyword": "And "
          },
          {
            "result": {
              "duration": 26400669452,
              "status": "passed"
            },
            "line": 15,
            "name": "User clicks on LOG IN button",
            "match": {
              "location": "LogintoProAcc_StepDef.user_clicks_on_LOG_IN_button()"
            },
            "keyword": "When "
          },
          {
            "result": {
              "duration": 3003511031,
              "status": "passed"
            },
            "line": 16,
            "name": "User will be logged in successfully",
            "match": {
              "location": "LogintoProAcc_StepDef.user_will_be_logged_in_successfully()"
            },
            "keyword": "Then "
          }
        ],
        "tags": [
          {
            "name": "@SmokeTest"
          }
        ]
      },
      {
        "line": 32,
        "name": "Creating Issue",
        "description": "",
        "id": "creating-issue;creating-issue;;2",
        "type": "scenario",
        "keyword": "Scenario Outline",
        "steps": [
          {
            "result": {
              "duration": 6894313851,
              "status": "passed"
            },
            "line": 24,
            "name": "User is in CREATE ISSUE page",
            "match": {
              "location": "CreateIssue_StepDef.user_is_on_creating_Issue_track_page()"
            },
            "keyword": "Given "
          },
          {
            "result": {
              "duration": 9683432868,
              "status": "passed"
            },
            "line": 25,
            "name": "User should select Project namejc Pilot Phase Test and Instance nameJ12 from the dropdown",
            "match": {
              "arguments": [
                {
                  "val": "jc Pilot Phase Test",
                  "offset": 31
                },
                {
                  "val": "J12",
                  "offset": 68
                }
              ],
              "location": "CreateIssue_StepDef.user_should_select_Project_name_and_Instance_name_from_the_dropdown(String,String)"
            },
            "keyword": "When "
          },
          {
            "result": {
              "duration": 451302737,
              "status": "passed"
            },
            "line": 26,
            "name": "User should click on select instance button",
            "match": {
              "location": "CreateIssue_StepDef.user_should_click_on_select_instance_button()"
            },
            "keyword": "And "
          },
          {
            "result": {
              "error_message": "com.kms.katalon.core.exception.StepFailedException: Unable to select option by label \u0027sai\u0027 of object \u0027Object Repository/Pro_Acc_IssueTrack/select_AssignedTo\u0027  using regular expression\r\n\tat com.kms.katalon.core.webui.keyword.internal.WebUIKeywordMain.stepFailed(WebUIKeywordMain.groovy:64)\r\n\tat com.kms.katalon.core.webui.keyword.internal.WebUIKeywordMain.runKeyword(WebUIKeywordMain.groovy:26)\r\n\tat com.kms.katalon.core.webui.keyword.builtin.SelectOptionByLabelKeyword.selectOptionByLabel(SelectOptionByLabelKeyword.groovy:98)\r\n\tat com.kms.katalon.core.webui.keyword.builtin.SelectOptionByLabelKeyword.execute(SelectOptionByLabelKeyword.groovy:71)\r\n\tat com.kms.katalon.core.keyword.internal.KeywordExecutor.executeKeywordForPlatform(KeywordExecutor.groovy:73)\r\n\tat com.kms.katalon.core.webui.keyword.WebUiBuiltInKeywords.selectOptionByLabel(WebUiBuiltInKeywords.groovy:1226)\r\n\tat com.kms.katalon.core.webui.keyword.WebUiBuiltInKeywords$selectOptionByLabel$4.call(Unknown Source)\r\n\tat proAcc_Stepdef.CreateIssue_StepDef.User_should_fill_Issue_Name_phase_AssignedTo_task_and_Comments(CreateIssue_StepDef.groovy:166)\r\n\tat âœ½.User should fill Issue NameTest,phaseAssessment,AssignedTosai,TaskAccelerator and CommentsIssue in progress and click on Create button(Include/features/proAcc_Featurefile/IssueTrack/CreateIssue.feature:27)\r\nCaused by: com.kms.katalon.core.exception.StepFailedException: No option matched.\r\n\tat com.kms.katalon.core.keyword.internal.KeywordMain.stepFailed(KeywordMain.groovy:50)\r\n\tat com.kms.katalon.core.keyword.internal.KeywordMain.stepFailed(KeywordMain.groovy)\r\n\tat com.kms.katalon.core.keyword.internal.KeywordMain.stepFailed(KeywordMain.groovy:23)\r\n\tat com.kms.katalon.core.webui.keyword.builtin.SelectOptionByLabelKeyword$_selectOptionByLabel_closure1.doCall(SelectOptionByLabelKeyword.groovy:91)\r\n\tat com.kms.katalon.core.webui.keyword.builtin.SelectOptionByLabelKeyword$_selectOptionByLabel_closure1.call(SelectOptionByLabelKeyword.groovy)\r\n\tat com.kms.katalon.core.webui.keyword.internal.WebUIKeywordMain.runKeyword(WebUIKeywordMain.groovy:20)\r\n\tat com.kms.katalon.core.webui.keyword.builtin.SelectOptionByLabelKeyword.selectOptionByLabel(SelectOptionByLabelKeyword.groovy:98)\r\n\tat com.kms.katalon.core.webui.keyword.builtin.SelectOptionByLabelKeyword.execute(SelectOptionByLabelKeyword.groovy:71)\r\n\tat com.kms.katalon.core.keyword.internal.KeywordExecutor.executeKeywordForPlatform(KeywordExecutor.groovy:73)\r\n\tat com.kms.katalon.core.webui.keyword.WebUiBuiltInKeywords.selectOptionByLabel(WebUiBuiltInKeywords.groovy:1226)\r\n\tat com.kms.katalon.core.webui.keyword.WebUiBuiltInKeywords$selectOptionByLabel$4.call(Unknown Source)\r\n\tat proAcc_Stepdef.CreateIssue_StepDef.User_should_fill_Issue_Name_phase_AssignedTo_task_and_Comments(CreateIssue_StepDef.groovy:166)\r\n\tat cucumber.runtime.Utils$1.call(Utils.java:26)\r\n\tat cucumber.runtime.Timeout.timeout(Timeout.java:16)\r\n\tat cucumber.runtime.Utils.invoke(Utils.java:20)\r\n\tat cucumber.runtime.java.JavaStepDefinition.execute(JavaStepDefinition.java:48)\r\n\tat cucumber.runtime.PickleStepDefinitionMatch.runStep(PickleStepDefinitionMatch.java:50)\r\n\tat cucumber.runner.TestStep.executeStep(TestStep.java:55)\r\n\tat cucumber.runner.TestStep.run(TestStep.java:42)\r\n\tat cucumber.runner.PickleStepTestStep.run(PickleStepTestStep.java:53)\r\n\tat cucumber.runner.TestCase.run(TestCase.java:47)\r\n\tat cucumber.runner.Runner.runPickle(Runner.java:44)\r\n\tat cucumber.runtime.junit.PickleRunners$NoStepDescriptions.run(PickleRunners.java:140)\r\n\tat cucumber.runtime.junit.FeatureRunner.runChild(FeatureRunner.java:68)\r\n\tat cucumber.runtime.junit.FeatureRunner.runChild(FeatureRunner.java:23)\r\n\tat org.junit.runners.ParentRunner$3.run(ParentRunner.java:290)\r\n\tat org.junit.runners.ParentRunner$1.schedule(ParentRunner.java:71)\r\n\tat org.junit.runners.ParentRunner.runChildren(ParentRunner.java:288)\r\n\tat org.junit.runners.ParentRunner.access$000(ParentRunner.java:58)\r\n\tat org.junit.runners.ParentRunner$2.evaluate(ParentRunner.java:268)\r\n\tat org.junit.runners.ParentRunner.run(ParentRunner.java:363)\r\n\tat cucumber.runtime.junit.FeatureRunner.run(FeatureRunner.java:73)\r\n\tat cucumber.api.junit.Cucumber.runChild(Cucumber.java:98)\r\n\tat cucumber.api.junit.Cucumber.runChild(Cucumber.java:55)\r\n\tat org.junit.runners.ParentRunner$3.run(ParentRunner.java:290)\r\n\tat org.junit.runners.ParentRunner$1.schedule(ParentRunner.java:71)\r\n\tat org.junit.runners.ParentRunner.runChildren(ParentRunner.java:288)\r\n\tat org.junit.runners.ParentRunner.access$000(ParentRunner.java:58)\r\n\tat org.junit.runners.ParentRunner$2.evaluate(ParentRunner.java:268)\r\n\tat cucumber.api.junit.Cucumber$1.evaluate(Cucumber.java:107)\r\n\tat org.junit.runners.ParentRunner.run(ParentRunner.java:363)\r\n\tat org.junit.runners.Suite.runChild(Suite.java:128)\r\n\tat org.junit.runners.Suite.runChild(Suite.java:27)\r\n\tat org.junit.runners.ParentRunner$3.run(ParentRunner.java:290)\r\n\tat org.junit.runners.ParentRunner$1.schedule(ParentRunner.java:71)\r\n\tat org.junit.runners.ParentRunner.runChildren(ParentRunner.java:288)\r\n\tat org.junit.runners.ParentRunner.access$000(ParentRunner.java:58)\r\n\tat org.junit.runners.ParentRunner$2.evaluate(ParentRunner.java:268)\r\n\tat org.junit.runners.ParentRunner.run(ParentRunner.java:363)\r\n\tat org.junit.runner.JUnitCore.run(JUnitCore.java:137)\r\n\tat org.junit.runner.JUnitCore.run(JUnitCore.java:115)\r\n\tat org.junit.runner.JUnitCore.run(JUnitCore.java:105)\r\n\tat com.kms.katalon.core.cucumber.keyword.CucumberBuiltinKeywords$_runWithCucumberRunner_closure5.doCall(CucumberBuiltinKeywords.groovy:430)\r\n\tat com.kms.katalon.core.cucumber.keyword.CucumberBuiltinKeywords$_runWithCucumberRunner_closure5.doCall(CucumberBuiltinKeywords.groovy)\r\n\tat com.kms.katalon.core.keyword.internal.KeywordMain.runKeyword(KeywordMain.groovy:68)\r\n\tat com.kms.katalon.core.keyword.internal.KeywordMain$runKeyword.call(Unknown Source)\r\n\tat com.kms.katalon.core.cucumber.keyword.CucumberBuiltinKeywords.runWithCucumberRunner(CucumberBuiltinKeywords.groovy:427)\r\n\tat com.kms.katalon.core.cucumber.keyword.CucumberBuiltinKeywords$runWithCucumberRunner$0.callStatic(Unknown Source)\r\n\tat com.kms.katalon.core.cucumber.keyword.CucumberBuiltinKeywords.runWithCucumberRunner(CucumberBuiltinKeywords.groovy:527)\r\n\tat com.kms.katalon.core.cucumber.keyword.CucumberBuiltinKeywords$runWithCucumberRunner.call(Unknown Source)\r\n\tat TC_CreateIssue.run(TC_CreateIssue:20)\r\n\tat com.kms.katalon.core.main.ScriptEngine.run(ScriptEngine.java:194)\r\n\tat com.kms.katalon.core.main.ScriptEngine.runScriptAsRawText(ScriptEngine.java:119)\r\n\tat com.kms.katalon.core.main.TestCaseExecutor.runScript(TestCaseExecutor.java:339)\r\n\tat com.kms.katalon.core.main.TestCaseExecutor.doExecute(TestCaseExecutor.java:330)\r\n\tat com.kms.katalon.core.main.TestCaseExecutor.processExecutionPhase(TestCaseExecutor.java:309)\r\n\tat com.kms.katalon.core.main.TestCaseExecutor.accessMainPhase(TestCaseExecutor.java:301)\r\n\tat com.kms.katalon.core.main.TestCaseExecutor.execute(TestCaseExecutor.java:235)\r\n\tat com.kms.katalon.core.main.TestSuiteExecutor.accessTestCaseMainPhase(TestSuiteExecutor.java:191)\r\n\tat com.kms.katalon.core.main.TestSuiteExecutor.accessTestSuiteMainPhase(TestSuiteExecutor.java:141)\r\n\tat com.kms.katalon.core.main.TestSuiteExecutor.execute(TestSuiteExecutor.java:90)\r\n\tat com.kms.katalon.core.main.TestCaseMain.startTestSuite(TestCaseMain.java:157)\r\n\tat com.kms.katalon.core.main.TestCaseMain$startTestSuite$0.call(Unknown Source)\r\n\tat TempTestSuite1601900557882.run(TempTestSuite1601900557882.groovy:39)\r\n",
              "duration": 6624523581,
              "status": "failed"
            },
            "line": 27,
            "name": "User should fill Issue NameTest,phaseAssessment,AssignedTosai,TaskAccelerator and CommentsIssue in progress and click on Create button",
            "match": {
              "arguments": [
                {
                  "val": "Test",
                  "offset": 27
                },
                {
                  "val": "Assessment",
                  "offset": 37
                },
                {
                  "val": "sai",
                  "offset": 58
                },
                {
                  "val": "Accelerator",
                  "offset": 66
                },
                {
                  "val": "Issue in progress",
                  "offset": 90
                }
              ],
              "location": "CreateIssue_StepDef.User_should_fill_Issue_Name_phase_AssignedTo_task_and_Comments(String,String,String,String,String)"
            },
            "keyword": "And "
          },
          {
            "result": {
              "status": "skipped"
            },
            "line": 28,
            "name": "User should able to Create Issue successfully",
            "match": {
              "location": "CreateIssue_StepDef.user_should_select_instance_successfully_for_Issue_Tracker()"
            },
            "keyword": "Then "
          }
        ],
        "tags": [
          {
            "name": "@SmokeTest"
          }
        ]
      }
    ],
    "name": "Creating Issue",
    "description": "",
    "id": "creating-issue",
    "keyword": "Feature",
    "uri": "Include/features/proAcc_Featurefile/IssueTrack/CreateIssue.feature",
    "tags": []
  }
]